<?xml version="1.0" encoding="UTF-8"?>
<!-- Generated by org.testng.reporters.JUnitXMLReporter -->
<testsuite hostname="C02XHPVYJHC8" ignored="0" name="Default test" tests="4" failures="0" timestamp="2020-03-19T16:52:37 IST" time="0.049" errors="0">
  <testcase name="Div" time="0.009" classname="com.qa.Tests.DemoTests"/>
  <testcase name="Sub" time="0.001" classname="com.qa.Tests.DemoTests"/>
  <testcase name="Sum" time="0.001" classname="com.qa.Tests.DemoTests"/>
  <testcase name="multiply" time="0.001" classname="com.qa.Tests.DemoTests"/>
</testsuite> <!-- Default test -->
