<?xml version="1.0" encoding="UTF-8"?>
<!-- Generated by org.testng.reporters.JUnitXMLReporter -->
<testsuite hostname="C02XHPVYJHC8" ignored="0" name="Command line test" tests="4" failures="0" timestamp="2020-03-20T11:23:26 IST" time="0.043" errors="0">
  <testcase name="Div" time="0.01" classname="com.qa.Tests.DemoTest"/>
  <testcase name="Sub" time="0.0" classname="com.qa.Tests.DemoTest"/>
  <testcase name="Sum" time="0.0" classname="com.qa.Tests.DemoTest"/>
  <testcase name="multiply" time="0.0" classname="com.qa.Tests.DemoTest"/>
</testsuite> <!-- Command line test -->
